{"level":"info","message":"SERVER -- Server started runnin on port: 4000","timestamp":"2026-03-14 12:13:39"}
{"ip":"::1","level":"error","message":"AUTH REGISTER -- Attempted to register an existing email: With status code 400 with the email of trizxd123@gmail.com","method":"POST","timestamp":"2026-03-14 12:13:44"}
{"ip":"::1","level":"http","message":"AUTH REGISTER -- Registered the user triztanverzosa.pdm@gmail.com: With status code 201","method":"POST","timestamp":"2026-03-14 12:14:09"}
{"level":"info","message":"SERVER -- Server started runnin on port: 4000","timestamp":"2026-03-14 12:15:45"}
{"level":"info","message":"SERVER -- Server started runnin on port: 4000","timestamp":"2026-03-14 12:15:50"}
{"level":"info","message":"SERVER -- Server started runnin on port: 4000","timestamp":"2026-03-14 12:16:05"}
{"level":"info","message":"SERVER -- Server started runnin on port: 4000","timestamp":"2026-03-14 12:16:10"}
{"level":"info","message":"SERVER -- Server started runnin on port: 4000","timestamp":"2026-03-14 12:16:19"}
{"level":"info","message":"SERVER -- Server started runnin on port: 4000","timestamp":"2026-03-14 12:16:21"}
{"level":"info","message":"SERVER -- Server started runnin on port: 4000","timestamp":"2026-03-14 12:16:23"}
{"level":"info","message":"SERVER -- Server started runnin on port: 4000","timestamp":"2026-03-14 12:16:30"}
{"level":"info","message":"SERVER -- Server started runnin on port: 4000","timestamp":"2026-03-14 12:16:34"}
{"level":"info","message":"SERVER -- Server started runnin on port: 4000","timestamp":"2026-03-14 12:16:39"}
{"level":"info","message":"SERVER -- Server started runnin on port: 4000","timestamp":"2026-03-14 12:16:44"}
{"level":"info","message":"SERVER -- Server started runnin on port: 4000","timestamp":"2026-03-14 12:16:46"}
{"level":"info","message":"SERVER -- Server started runnin on port: 4000","timestamp":"2026-03-14 12:17:03"}
{"level":"info","message":"SERVER -- Server started runnin on port: 4000","timestamp":"2026-03-14 12:17:12"}
{"level":"info","message":"SERVER -- Server started runnin on port: 4000","timestamp":"2026-03-14 12:17:19"}
{"level":"info","message":"SERVER -- Server started runnin on port: 4000","timestamp":"2026-03-14 12:17:23"}
{"level":"info","message":"SERVER -- Server started runnin on port: 4000","timestamp":"2026-03-14 12:17:25"}
{"level":"info","message":"SERVER -- Server started runnin on port: 4000","timestamp":"2026-03-14 12:17:31"}
{"level":"info","message":"SERVER -- Server started runnin on port: 4000","timestamp":"2026-03-14 12:17:40"}
{"level":"info","message":"SERVER -- Server started runnin on port: 4000","timestamp":"2026-03-14 12:17:44"}
{"level":"info","message":"SERVER -- Server started runnin on port: 4000","timestamp":"2026-03-14 12:17:52"}
{"level":"info","message":"SERVER -- Server started runnin on port: 4000","timestamp":"2026-03-14 12:18:13"}
{"level":"info","message":"SERVER -- Server started runnin on port: 4000","timestamp":"2026-03-14 12:18:16"}
{"level":"info","message":"SERVER -- Server started runnin on port: 4000","timestamp":"2026-03-14 12:18:25"}
{"level":"info","message":"SERVER -- Server started runnin on port: 4000","timestamp":"2026-03-14 12:18:31"}
{"level":"info","message":"SERVER -- Server started runnin on port: 4000","timestamp":"2026-03-14 12:18:33"}
{"level":"info","message":"SERVER -- Server started runnin on port: 4000","timestamp":"2026-03-14 12:18:36"}
{"level":"info","message":"SERVER -- Server started runnin on port: 4000","timestamp":"2026-03-14 12:18:43"}
{"level":"info","message":"SERVER -- Server started runnin on port: 4000","timestamp":"2026-03-14 12:18:45"}
{"level":"info","message":"SERVER -- Server started runnin on port: 4000","timestamp":"2026-03-14 12:18:51"}
{"ip":"::1","level":"info","message":"SERVER - Health check request","method":"GET","route":"/health","status":200,"timestamp":"2026-03-14 12:18:56"}
{"ip":"::1","level":"error","message":"AUTH LOGIN -- User trizxd123@gmail.com password do not match with status code 200","method":"POST","timestamp":"2026-03-14 12:19:00"}
{"level":"info","message":"SERVER -- Server started runnin on port: 4000","timestamp":"2026-03-14 12:19:35"}
{"level":"info","message":"SERVER -- Server started runnin on port: 4000","timestamp":"2026-03-14 12:19:37"}
{"level":"info","message":"SERVER -- Server started runnin on port: 4000","timestamp":"2026-03-14 12:19:45"}
{"level":"info","message":"SERVER -- Server started runnin on port: 4000","timestamp":"2026-03-14 12:19:47"}
{"level":"info","message":"SERVER -- Server started runnin on port: 4000","timestamp":"2026-03-14 12:19:54"}
{"ip":"::1","level":"error","message":"AUTH LOGIN -- User trizxd123@gmail.com password do not match with status code (400)","method":"POST","timestamp":"2026-03-14 12:20:42"}
{"ip":"::1","level":"error","message":"AUTH LOGIN -- Cannot read properties of null (reading 'email') with status code (500)","method":"POST","timestamp":"2026-03-14 12:21:24"}
{"ip":"::1","level":"error","message":"AUTH LOGIN -- Cannot read properties of null (reading 'email') with status code (500)","method":"POST","timestamp":"2026-03-14 12:21:31"}
{"ip":"::1","level":"error","message":"AUTH LOGIN -- User trizxd123@gmail.com password do not match with status code (400)","method":"POST","timestamp":"2026-03-14 12:21:41"}
{"ip":"::1","level":"error","message":"AUTH LOGIN -- Cannot read properties of null (reading 'email') with status code (500)","method":"POST","timestamp":"2026-03-14 12:21:45"}
{"level":"info","message":"SERVER -- Server started runnin on port: 4000","timestamp":"2026-03-14 12:22:36"}
{"ip":"::1","level":"error","message":"AUTH LOGIN -- Cannot read properties of null (reading 'email') with status code (500)","method":"POST","timestamp":"2026-03-14 12:22:39"}
{"level":"info","message":"SERVER -- Server started runnin on port: 4000","timestamp":"2026-03-14 12:22:57"}
{"level":"info","message":"SERVER -- Server started runnin on port: 4000","timestamp":"2026-03-14 12:23:01"}
{"level":"info","message":"SERVER -- Server started runnin on port: 4000","timestamp":"2026-03-14 12:23:08"}
{"level":"info","message":"SERVER -- Server started runnin on port: 4000","timestamp":"2026-03-14 12:23:10"}
{"level":"info","message":"SERVER -- Server started runnin on port: 4000","timestamp":"2026-03-14 12:23:12"}
{"level":"info","message":"SERVER -- Server started runnin on port: 4000","timestamp":"2026-03-14 12:23:14"}
{"level":"info","message":"SERVER -- Server started runnin on port: 4000","timestamp":"2026-03-14 12:23:16"}
{"level":"info","message":"SERVER -- Server started runnin on port: 4000","timestamp":"2026-03-14 12:23:19"}
{"level":"info","message":"SERVER -- Server started runnin on port: 4000","timestamp":"2026-03-14 12:23:22"}
{"level":"info","message":"SERVER -- Server started runnin on port: 4000","timestamp":"2026-03-14 12:23:26"}
{"level":"info","message":"SERVER -- Server started runnin on port: 4000","timestamp":"2026-03-14 12:23:34"}
{"level":"info","message":"SERVER -- Server started runnin on port: 4000","timestamp":"2026-03-14 12:23:36"}
{"level":"info","message":"SERVER -- Server started runnin on port: 4000","timestamp":"2026-03-14 12:23:39"}
{"ip":"::1","level":"info","message":"AUTH LOGIN -- Email trizxd123@gmail.com Login Succesfull","method":"POST","timestamp":"2026-03-14 12:23:47"}
{"ip":"::1","level":"info","message":"SERVER - Health check request","method":"GET","route":"/health","status":200,"timestamp":"2026-03-14 12:23:48"}
{"ip":"::1","level":"info","message":"SERVER - Health check request","method":"GET","route":"/health","status":200,"timestamp":"2026-03-14 12:24:09"}
{"ip":"::1","level":"info","message":"SERVER - Health check request","method":"GET","route":"/health","status":200,"timestamp":"2026-03-14 12:24:20"}
{"ip":"::1","level":"info","message":"SERVER - Health check request","method":"GET","route":"/health","status":200,"timestamp":"2026-03-14 12:38:39"}
{"ip":"::1","level":"info","message":"SERVER - Health check request","method":"GET","route":"/health","status":200,"timestamp":"2026-03-14 12:38:50"}
{"ip":"::1","level":"info","message":"SERVER - Health check request","method":"GET","route":"/health","status":200,"timestamp":"2026-03-14 12:38:55"}
{"ip":"::1","level":"info","message":"SERVER - Health check request","method":"GET","route":"/health","status":200,"timestamp":"2026-03-14 12:39:01"}
{"ip":"::1","level":"info","message":"SERVER - Health check request","method":"GET","route":"/health","status":200,"timestamp":"2026-03-14 12:39:18"}
{"ip":"::1","level":"info","message":"SERVER - Health check request","method":"GET","route":"/health","status":200,"timestamp":"2026-03-14 12:39:19"}
{"ip":"::1","level":"info","message":"SERVER - Health check request","method":"GET","route":"/health","status":200,"timestamp":"2026-03-14 12:39:22"}
{"ip":"::1","level":"info","message":"SERVER - Health check request","method":"GET","route":"/health","status":200,"timestamp":"2026-03-14 12:39:38"}
{"ip":"::1","level":"info","message":"SERVER - Health check request","method":"GET","route":"/health","status":200,"timestamp":"2026-03-14 12:40:50"}
{"level":"info","message":"SERVER -- Server started runnin on port: 4000","timestamp":"2026-03-14 12:44:43"}
{"level":"info","message":"SERVER -- Server started runnin on port: 4000","timestamp":"2026-03-14 12:44:44"}
{"level":"info","message":"SERVER -- Server started runnin on port: 4000","timestamp":"2026-03-14 12:44:57"}
{"level":"info","message":"SERVER -- Server started runnin on port: 4000","timestamp":"2026-03-14 12:44:58"}
{"level":"info","message":"SERVER -- Server started runnin on port: 4000","timestamp":"2026-03-14 12:45:07"}
{"level":"info","message":"SERVER -- Server started runnin on port: 4000","timestamp":"2026-03-14 12:45:09"}
{"level":"info","message":"SERVER -- Server started runnin on port: 4000","timestamp":"2026-03-14 12:45:22"}
{"level":"info","message":"SERVER -- Server started runnin on port: 4000","timestamp":"2026-03-14 12:45:31"}
{"level":"info","message":"SERVER -- Server started runnin on port: 4000","timestamp":"2026-03-14 12:45:34"}
{"level":"info","message":"SERVER -- Server started runnin on port: 4000","timestamp":"2026-03-14 12:45:46"}
{"level":"info","message":"SERVER -- Server started runnin on port: 4000","timestamp":"2026-03-14 12:45:57"}
{"level":"info","message":"SERVER -- Server started runnin on port: 4000","timestamp":"2026-03-14 12:46:22"}
{"level":"info","message":"SERVER -- Server started runnin on port: 4000","timestamp":"2026-03-14 12:46:58"}
{"level":"info","message":"SERVER -- Server started runnin on port: 4000","timestamp":"2026-03-14 12:47:13"}
{"level":"info","message":"SERVER -- Server started runnin on port: 4000","timestamp":"2026-03-14 12:47:21"}
{"level":"info","message":"SERVER -- Server started runnin on port: 4000","timestamp":"2026-03-14 12:47:25"}
{"level":"info","message":"SERVER -- Server started runnin on port: 4000","timestamp":"2026-03-14 12:47:31"}
{"level":"info","message":"SERVER -- Server started runnin on port: 4000","timestamp":"2026-03-14 12:47:35"}
{"level":"info","message":"SERVER -- Server started runnin on port: 4000","timestamp":"2026-03-14 12:48:01"}
{"level":"info","message":"SERVER -- Server started runnin on port: 4000","timestamp":"2026-03-14 12:48:09"}
{"level":"info","message":"SERVER -- Server started runnin on port: 4000","timestamp":"2026-03-14 12:48:13"}
{"level":"info","message":"SERVER -- Server started runnin on port: 4000","timestamp":"2026-03-14 12:48:19"}
{"level":"info","message":"SERVER -- Server started runnin on port: 4000","timestamp":"2026-03-14 12:48:23"}
{"level":"info","message":"SERVER -- Server started runnin on port: 4000","timestamp":"2026-03-14 12:48:28"}
{"level":"info","message":"SERVER -- Server started runnin on port: 4000","timestamp":"2026-03-14 12:48:31"}
{"level":"info","message":"SERVER -- Server started runnin on port: 4000","timestamp":"2026-03-14 12:48:32"}
{"level":"info","message":"SERVER -- Server started runnin on port: 4000","timestamp":"2026-03-14 12:48:39"}
{"level":"info","message":"SERVER -- Server started runnin on port: 4000","timestamp":"2026-03-14 12:48:51"}
{"level":"info","message":"SERVER -- Server started runnin on port: 4000","timestamp":"2026-03-14 12:48:59"}
{"level":"info","message":"SERVER -- Server started runnin on port: 4000","timestamp":"2026-03-14 12:49:12"}
{"level":"info","message":"SERVER -- Server started runnin on port: 4000","timestamp":"2026-03-14 12:49:16"}
{"level":"info","message":"SERVER -- Server started runnin on port: 4000","timestamp":"2026-03-14 12:49:49"}
{"level":"info","message":"SERVER -- Server started runnin on port: 4000","timestamp":"2026-03-14 12:50:11"}
{"level":"info","message":"SERVER -- Server started runnin on port: 4000","timestamp":"2026-03-14 12:50:19"}
{"level":"info","message":"SERVER -- Server started runnin on port: 4000","timestamp":"2026-03-14 12:50:33"}
{"level":"info","message":"SERVER -- Server started runnin on port: 4000","timestamp":"2026-03-14 12:50:35"}
{"level":"info","message":"SERVER -- Server started runnin on port: 4000","timestamp":"2026-03-14 12:50:38"}
{"level":"info","message":"SERVER -- Server started runnin on port: 4000","timestamp":"2026-03-14 12:50:51"}
{"level":"info","message":"SERVER -- Server started runnin on port: 4000","timestamp":"2026-03-14 12:50:53"}
{"level":"info","message":"SERVER -- Server started runnin on port: 4000","timestamp":"2026-03-14 12:50:59"}
{"level":"info","message":"SERVER -- Server started runnin on port: 4000","timestamp":"2026-03-14 12:51:04"}
{"level":"info","message":"SERVER -- Server started runnin on port: 4000","timestamp":"2026-03-14 12:51:23"}
{"level":"info","message":"SERVER -- Server started runnin on port: 4000","timestamp":"2026-03-14 12:51:36"}
{"level":"info","message":"SERVER -- Server started runnin on port: 4000","timestamp":"2026-03-14 12:51:39"}
{"level":"info","message":"SERVER -- Server started runnin on port: 4000","timestamp":"2026-03-14 12:51:41"}
{"level":"info","message":"SERVER -- Server started runnin on port: 4000","timestamp":"2026-03-14 12:51:52"}
{"level":"info","message":"SERVER -- Server started runnin on port: 4000","timestamp":"2026-03-14 12:52:41"}
{"level":"info","message":"SERVER -- Server started runnin on port: 4000","timestamp":"2026-03-14 12:52:51"}
{"level":"info","message":"SERVER -- Server started runnin on port: 4000","timestamp":"2026-03-14 12:52:53"}
{"level":"info","message":"SERVER -- Server started runnin on port: 4000","timestamp":"2026-03-14 12:52:57"}
{"level":"info","message":"SERVER -- Server started runnin on port: 4000","timestamp":"2026-03-14 12:53:01"}
{"level":"info","message":"SERVER -- Server started runnin on port: 4000","timestamp":"2026-03-14 12:53:08"}
{"level":"info","message":"SERVER -- Server started runnin on port: 4000","timestamp":"2026-03-14 12:53:12"}
{"level":"info","message":"SERVER -- Server started runnin on port: 4000","timestamp":"2026-03-14 12:53:14"}
{"level":"info","message":"SERVER -- Server started runnin on port: 4000","timestamp":"2026-03-14 12:53:19"}
{"level":"info","message":"SERVER -- Server started runnin on port: 4000","timestamp":"2026-03-14 12:53:26"}
{"level":"info","message":"SERVER -- Server started runnin on port: 4000","timestamp":"2026-03-14 12:53:31"}
{"level":"info","message":"SERVER -- Server started runnin on port: 4000","timestamp":"2026-03-14 12:53:34"}
{"level":"info","message":"SERVER -- Server started runnin on port: 4000","timestamp":"2026-03-14 12:53:43"}
{"level":"info","message":"SERVER -- Server started runnin on port: 4000","timestamp":"2026-03-14 12:54:06"}
{"level":"info","message":"SERVER -- Server started runnin on port: 4000","timestamp":"2026-03-14 12:54:08"}
{"level":"info","message":"SERVER -- Server started runnin on port: 4000","timestamp":"2026-03-14 12:54:10"}
{"level":"info","message":"SERVER -- Server started runnin on port: 4000","timestamp":"2026-03-14 12:54:14"}
{"level":"info","message":"SERVER -- Server started runnin on port: 4000","timestamp":"2026-03-14 12:54:20"}
{"level":"info","message":"SERVER -- Server started runnin on port: 4000","timestamp":"2026-03-14 12:54:24"}
{"level":"info","message":"SERVER -- Server started runnin on port: 4000","timestamp":"2026-03-14 12:54:42"}
{"level":"info","message":"SERVER -- Server started runnin on port: 4000","timestamp":"2026-03-14 12:54:46"}
{"level":"info","message":"SERVER -- Server started runnin on port: 4000","timestamp":"2026-03-14 12:55:09"}
{"level":"info","message":"SERVER -- Server started runnin on port: 4000","timestamp":"2026-03-14 12:57:43"}
{"level":"info","message":"SERVER -- Server started runnin on port: 4000","timestamp":"2026-03-14 12:57:46"}
{"level":"info","message":"SERVER -- Server started runnin on port: 4000","timestamp":"2026-03-14 12:57:49"}
{"level":"info","message":"SERVER -- Server started runnin on port: 4000","timestamp":"2026-03-14 12:58:03"}
{"level":"info","message":"SERVER -- Server started runnin on port: 4000","timestamp":"2026-03-14 12:58:10"}
{"level":"info","message":"SERVER -- Server started runnin on port: 4000","timestamp":"2026-03-14 12:58:12"}
{"level":"info","message":"SERVER -- Server started runnin on port: 4000","timestamp":"2026-03-14 12:58:15"}
{"level":"info","message":"SERVER -- Server started runnin on port: 4000","timestamp":"2026-03-14 12:58:16"}
{"level":"info","message":"SERVER -- Server started runnin on port: 4000","timestamp":"2026-03-14 12:58:21"}
{"level":"info","message":"SERVER -- Server started runnin on port: 4000","timestamp":"2026-03-14 12:58:30"}
{"level":"info","message":"SERVER -- Server started runnin on port: 4000","timestamp":"2026-03-14 12:58:36"}
{"level":"info","message":"SERVER -- Server started runnin on port: 4000","timestamp":"2026-03-14 12:58:44"}
{"level":"info","message":"SERVER -- Server started runnin on port: 4000","timestamp":"2026-03-14 12:58:49"}
{"level":"info","message":"SERVER -- Server started runnin on port: 4000","timestamp":"2026-03-14 12:59:01"}
{"level":"info","message":"SERVER -- Server started runnin on port: 4000","timestamp":"2026-03-14 12:59:03"}
{"level":"info","message":"SERVER -- Server started runnin on port: 4000","timestamp":"2026-03-14 12:59:09"}
{"level":"info","message":"SERVER -- Server started runnin on port: 4000","timestamp":"2026-03-14 12:59:16"}
{"level":"info","message":"SERVER -- Server started runnin on port: 4000","timestamp":"2026-03-14 12:59:26"}
{"level":"info","message":"SERVER -- Server started runnin on port: 4000","timestamp":"2026-03-14 12:59:33"}
{"level":"info","message":"SERVER -- Server started runnin on port: 4000","timestamp":"2026-03-14 12:59:39"}
{"level":"info","message":"SERVER -- Server started runnin on port: 4000","timestamp":"2026-03-14 12:59:41"}
{"level":"info","message":"SERVER -- Server started runnin on port: 4000","timestamp":"2026-03-14 13:01:11"}
{"level":"info","message":"SERVER -- Server started runnin on port: 4000","timestamp":"2026-03-14 13:01:24"}
{"level":"info","message":"SERVER -- Server started runnin on port: 4000","timestamp":"2026-03-14 13:01:27"}
{"level":"info","message":"SERVER -- Server started runnin on port: 4000","timestamp":"2026-03-14 13:01:38"}
{"level":"info","message":"SERVER -- Server started runnin on port: 4000","timestamp":"2026-03-14 13:01:43"}
{"level":"info","message":"SERVER -- Server started runnin on port: 4000","timestamp":"2026-03-14 13:01:46"}
{"level":"info","message":"SERVER -- Server started runnin on port: 4000","timestamp":"2026-03-14 13:01:54"}
{"level":"info","message":"SERVER -- Server started runnin on port: 4000","timestamp":"2026-03-14 13:02:06"}
{"level":"info","message":"SERVER -- Server started runnin on port: 4000","timestamp":"2026-03-14 13:02:08"}
{"level":"info","message":"SERVER -- Server started runnin on port: 4000","timestamp":"2026-03-14 13:02:10"}
{"level":"info","message":"SERVER -- Server started runnin on port: 4000","timestamp":"2026-03-14 13:02:12"}
{"level":"info","message":"SERVER -- Server started runnin on port: 4000","timestamp":"2026-03-14 13:02:18"}
{"level":"info","message":"SERVER -- Server started runnin on port: 4000","timestamp":"2026-03-14 13:02:29"}
{"level":"info","message":"SERVER -- Server started runnin on port: 4000","timestamp":"2026-03-14 13:02:31"}
{"level":"info","message":"SERVER -- Server started runnin on port: 4000","timestamp":"2026-03-14 13:02:36"}
{"level":"info","message":"SERVER -- Server started runnin on port: 4000","timestamp":"2026-03-14 13:02:40"}
{"level":"info","message":"SERVER -- Server started runnin on port: 4000","timestamp":"2026-03-14 13:02:45"}
{"level":"info","message":"SERVER -- Server started runnin on port: 4000","timestamp":"2026-03-14 13:02:52"}
{"level":"info","message":"SERVER -- Server started runnin on port: 4000","timestamp":"2026-03-14 13:12:40"}
{"level":"info","message":"SERVER -- Server started runnin on port: 4000","timestamp":"2026-03-14 18:36:09"}
{"ip":"::1","level":"info","message":"SERVER - Health check request","method":"GET","route":"/health","status":200,"timestamp":"2026-03-14 18:36:17"}
{"ip":"::1","level":"info","message":"SERVER - Health check request","method":"GET","route":"/health","status":200,"timestamp":"2026-03-14 18:36:20"}
{"ip":"::1","level":"info","message":"SERVER - Health check request","method":"GET","route":"/health","status":200,"timestamp":"2026-03-14 18:36:20"}
{"ip":"::1","level":"info","message":"SERVER - Health check request","method":"GET","route":"/health","status":200,"timestamp":"2026-03-14 18:36:57"}
{"ip":"::1","level":"info","message":"SERVER - Health check request","method":"GET","route":"/health","status":200,"timestamp":"2026-03-14 18:37:12"}
{"ip":"::1","level":"info","message":"SERVER - Health check request","method":"GET","route":"/health","status":200,"timestamp":"2026-03-14 18:37:21"}
{"ip":"::1","level":"info","message":"SERVER - Health check request","method":"GET","route":"/health","status":200,"timestamp":"2026-03-14 18:37:25"}
{"ip":"::1","level":"info","message":"SERVER - Health check request","method":"GET","route":"/health","status":200,"timestamp":"2026-03-14 18:37:35"}
{"ip":"::1","level":"info","message":"SERVER - Health check request","method":"GET","route":"/health","status":200,"timestamp":"2026-03-14 18:37:40"}
{"ip":"::1","level":"info","message":"SERVER - Health check request","method":"GET","route":"/health","status":200,"timestamp":"2026-03-14 18:37:43"}
{"ip":"::1","level":"info","message":"SERVER - Health check request","method":"GET","route":"/health","status":200,"timestamp":"2026-03-14 18:37:45"}
{"ip":"::1","level":"info","message":"SERVER - Health check request","method":"GET","route":"/health","status":200,"timestamp":"2026-03-14 18:37:54"}
{"level":"info","message":"SERVER -- Server started runnin on port: 4000","timestamp":"2026-03-14 18:43:02"}
{"ip":"::1","level":"info","message":"SERVER - Health check request","method":"GET","route":"/health","status":200,"timestamp":"2026-03-14 18:46:06"}
{"ip":"::1","level":"info","message":"SERVER - Health check request","method":"GET","route":"/health","status":200,"timestamp":"2026-03-14 18:46:06"}
{"ip":"::1","level":"info","message":"SERVER - Health check request","method":"GET","route":"/health","status":200,"timestamp":"2026-03-14 18:46:09"}
{"ip":"::1","level":"info","message":"SERVER - Health check request","method":"GET","route":"/health","status":200,"timestamp":"2026-03-14 18:46:12"}
{"ip":"::1","level":"info","message":"SERVER - Health check request","method":"GET","route":"/health","status":200,"timestamp":"2026-03-14 18:46:16"}
{"ip":"::1","level":"info","message":"SERVER - Health check request","method":"GET","route":"/health","status":200,"timestamp":"2026-03-14 18:46:19"}
{"ip":"::1","level":"info","message":"SERVER - Health check request","method":"GET","route":"/health","status":200,"timestamp":"2026-03-14 18:46:22"}
{"ip":"::1","level":"info","message":"SERVER - Health check request","method":"GET","route":"/health","status":200,"timestamp":"2026-03-14 18:46:25"}
{"ip":"::1","level":"info","message":"SERVER - Health check request","method":"GET","route":"/health","status":200,"timestamp":"2026-03-14 18:46:28"}
{"ip":"::1","level":"info","message":"SERVER - Health check request","method":"GET","route":"/health","status":200,"timestamp":"2026-03-14 18:46:31"}
{"ip":"::1","level":"info","message":"SERVER - Health check request","method":"GET","route":"/health","status":200,"timestamp":"2026-03-14 18:46:34"}
{"ip":"::1","level":"info","message":"SERVER - Health check request","method":"GET","route":"/health","status":200,"timestamp":"2026-03-14 18:46:37"}
{"ip":"::1","level":"info","message":"SERVER - Health check request","method":"GET","route":"/health","status":200,"timestamp":"2026-03-14 18:46:40"}
{"ip":"::1","level":"info","message":"SERVER - Health check request","method":"GET","route":"/health","status":200,"timestamp":"2026-03-14 18:46:43"}
{"ip":"::1","level":"info","message":"SERVER - Health check request","method":"GET","route":"/health","status":200,"timestamp":"2026-03-14 18:46:46"}
{"ip":"::1","level":"info","message":"SERVER - Health check request","method":"GET","route":"/health","status":200,"timestamp":"2026-03-14 18:46:49"}
{"ip":"::1","level":"info","message":"SERVER - Health check request","method":"GET","route":"/health","status":200,"timestamp":"2026-03-14 18:46:52"}
{"ip":"::1","level":"info","message":"SERVER - Health check request","method":"GET","route":"/health","status":200,"timestamp":"2026-03-14 18:46:55"}
{"ip":"::1","level":"info","message":"SERVER - Health check request","method":"GET","route":"/health","status":200,"timestamp":"2026-03-14 18:46:58"}
{"ip":"::1","level":"info","message":"SERVER - Health check request","method":"GET","route":"/health","status":200,"timestamp":"2026-03-14 18:47:01"}
{"ip":"::1","level":"info","message":"SERVER - Health check request","method":"GET","route":"/health","status":200,"timestamp":"2026-03-14 18:47:04"}
{"ip":"::1","level":"info","message":"SERVER - Health check request","method":"GET","route":"/health","status":200,"timestamp":"2026-03-14 18:47:07"}
{"ip":"::1","level":"info","message":"SERVER - Health check request","method":"GET","route":"/health","status":200,"timestamp":"2026-03-14 18:47:10"}
{"level":"info","message":"SERVER -- Server started runnin on port: 4000","timestamp":"2026-03-14 18:47:13"}
{"ip":"::1","level":"info","message":"SERVER - Health check request","method":"GET","route":"/health","status":200,"timestamp":"2026-03-14 18:47:13"}
{"ip":"::1","level":"info","message":"SERVER - Health check request","method":"GET","route":"/health","status":200,"timestamp":"2026-03-14 18:47:17"}
{"ip":"::1","level":"info","message":"SERVER - Health check request","method":"GET","route":"/health","status":200,"timestamp":"2026-03-14 18:47:17"}
{"ip":"::ffff:127.0.0.1","level":"info","message":"SERVER - Health check request","method":"GET","route":"/health","status":200,"timestamp":"2026-03-14 18:47:18"}
{"level":"info","message":"SERVER -- Server started runnin on port: 4000","timestamp":"2026-03-14 18:51:39"}
{"ip":"::1","level":"info","message":"SERVER - Health check request","method":"GET","route":"/health","status":200,"timestamp":"2026-03-14 18:54:15"}
{"ip":"::1","level":"info","message":"SERVER - Health check request","method":"GET","route":"/health","status":200,"timestamp":"2026-03-14 18:54:17"}
{"ip":"::1","level":"info","message":"SERVER - Health check request","method":"GET","route":"/health","status":200,"timestamp":"2026-03-14 18:54:20"}
{"ip":"::1","level":"info","message":"SERVER - Health check request","method":"GET","route":"/health","status":200,"timestamp":"2026-03-14 18:54:21"}
{"ip":"::1","level":"info","message":"SERVER - Health check request","method":"GET","route":"/health","status":200,"timestamp":"2026-03-14 18:54:25"}
{"ip":"::1","level":"info","message":"SERVER - Health check request","method":"GET","route":"/health","status":200,"timestamp":"2026-03-14 18:54:27"}
{"ip":"::1","level":"info","message":"SERVER - Health check request","method":"GET","route":"/health","status":200,"timestamp":"2026-03-14 18:54:29"}
{"ip":"::1","level":"info","message":"SERVER - Health check request","method":"GET","route":"/health","status":200,"timestamp":"2026-03-14 18:56:33"}
{"ip":"::1","level":"info","message":"AUTH LOGIN -- Email trizxd123@gmail.com Login Succesfull","method":"POST","timestamp":"2026-03-14 18:56:44"}
{"level":"info","message":"SERVER -- Server started runnin on port: 4000","timestamp":"2026-03-14 18:57:18"}
{"ip":"::1","level":"info","message":"SERVER - Health check request","method":"GET","route":"/health","status":200,"timestamp":"2026-03-14 18:57:47"}
{"ip":"::1","level":"info","message":"SERVER - Health check request","method":"GET","route":"/health","status":200,"timestamp":"2026-03-14 18:57:47"}
{"ip":"::1","level":"info","message":"SERVER - Health check request","method":"GET","route":"/health","status":200,"timestamp":"2026-03-14 18:57:50"}
{"ip":"::1","level":"info","message":"AUTH LOGIN -- Email trizxd123@gmail.com Login Succesfull","method":"POST","timestamp":"2026-03-14 18:58:04"}
{"level":"info","message":"SERVER -- Server started runnin on port: 4000","timestamp":"2026-03-14 19:09:19"}
{"ip":"::1","level":"info","message":"SERVER - Health check request","method":"GET","route":"/health","status":200,"timestamp":"2026-03-14 19:09:35"}
{"level":"info","message":"SERVER -- Server started runnin on port: 4000","timestamp":"2026-03-14 19:09:59"}
{"ip":"::1","level":"info","message":"SERVER - Health check request","method":"GET","route":"/health","status":200,"timestamp":"2026-03-14 19:09:59"}
{"level":"info","message":"SERVER -- Server started runnin on port: 4000","timestamp":"2026-03-14 19:11:46"}
{"ip":"::1","level":"info","message":"SERVER - Health check request","method":"GET","route":"/health","status":200,"timestamp":"2026-03-14 19:12:15"}
{"level":"info","message":"SERVER -- Server started runnin on port: 4000","timestamp":"2026-03-14 19:12:41"}
{"ip":"::1","level":"info","message":"SERVER - Health check request","method":"GET","route":"/health","status":200,"timestamp":"2026-03-14 19:31:22"}
{"ip":"::1","level":"info","message":"SERVER - Health check request","method":"GET","route":"/health","status":200,"timestamp":"2026-03-14 19:36:41"}
{"ip":"::1","level":"info","message":"SERVER - Health check request","method":"GET","route":"/health","status":200,"timestamp":"2026-03-14 19:36:44"}
{"ip":"::1","level":"info","message":"SERVER - Health check request","method":"GET","route":"/health","status":200,"timestamp":"2026-03-14 19:36:48"}
{"ip":"::1","level":"info","message":"SERVER - Health check request","method":"GET","route":"/health","status":200,"timestamp":"2026-03-14 19:36:51"}
{"ip":"::1","level":"info","message":"SERVER - Health check request","method":"GET","route":"/health","status":200,"timestamp":"2026-03-14 19:36:54"}
{"ip":"::1","level":"info","message":"SERVER - Health check request","method":"GET","route":"/health","status":200,"timestamp":"2026-03-14 19:36:57"}
{"ip":"::1","level":"info","message":"SERVER - Health check request","method":"GET","route":"/health","status":200,"timestamp":"2026-03-14 19:37:00"}
{"ip":"::1","level":"info","message":"SERVER - Health check request","method":"GET","route":"/health","status":200,"timestamp":"2026-03-14 19:37:03"}
{"ip":"::1","level":"info","message":"SERVER - Health check request","method":"GET","route":"/health","status":200,"timestamp":"2026-03-14 19:37:06"}
{"ip":"::1","level":"info","message":"SERVER - Health check request","method":"GET","route":"/health","status":200,"timestamp":"2026-03-14 19:37:09"}
{"ip":"::1","level":"info","message":"SERVER - Health check request","method":"GET","route":"/health","status":200,"timestamp":"2026-03-14 19:37:12"}
{"ip":"::1","level":"info","message":"SERVER - Health check request","method":"GET","route":"/health","status":200,"timestamp":"2026-03-14 19:37:15"}
{"ip":"::1","level":"info","message":"SERVER - Health check request","method":"GET","route":"/health","status":200,"timestamp":"2026-03-14 19:37:18"}
{"ip":"::1","level":"info","message":"SERVER - Health check request","method":"GET","route":"/health","status":200,"timestamp":"2026-03-14 19:37:21"}
{"ip":"::1","level":"info","message":"SERVER - Health check request","method":"GET","route":"/health","status":200,"timestamp":"2026-03-14 19:37:24"}
{"ip":"::1","level":"info","message":"SERVER - Health check request","method":"GET","route":"/health","status":200,"timestamp":"2026-03-14 19:37:27"}
{"ip":"::1","level":"info","message":"SERVER - Health check request","method":"GET","route":"/health","status":200,"timestamp":"2026-03-14 19:37:30"}
{"ip":"::1","level":"info","message":"SERVER - Health check request","method":"GET","route":"/health","status":200,"timestamp":"2026-03-14 19:37:33"}
{"ip":"::1","level":"info","message":"SERVER - Health check request","method":"GET","route":"/health","status":200,"timestamp":"2026-03-14 19:37:36"}
{"ip":"::1","level":"info","message":"SERVER - Health check request","method":"GET","route":"/health","status":200,"timestamp":"2026-03-14 19:37:39"}
{"ip":"::1","level":"info","message":"SERVER - Health check request","method":"GET","route":"/health","status":200,"timestamp":"2026-03-14 19:37:42"}
{"ip":"::1","level":"info","message":"SERVER - Health check request","method":"GET","route":"/health","status":200,"timestamp":"2026-03-14 19:37:52"}
{"ip":"::1","level":"info","message":"SERVER - Health check request","method":"GET","route":"/health","status":200,"timestamp":"2026-03-14 19:39:52"}
{"ip":"::1","level":"info","message":"SERVER - Health check request","method":"GET","route":"/health","status":200,"timestamp":"2026-03-14 19:39:55"}
{"ip":"::1","level":"info","message":"SERVER - Health check request","method":"GET","route":"/health","status":200,"timestamp":"2026-03-14 19:39:58"}
{"ip":"::1","level":"info","message":"SERVER - Health check request","method":"GET","route":"/health","status":200,"timestamp":"2026-03-14 19:40:02"}
{"ip":"::1","level":"info","message":"SERVER - Health check request","method":"GET","route":"/health","status":200,"timestamp":"2026-03-14 19:40:04"}
{"ip":"::1","level":"info","message":"SERVER - Health check request","method":"GET","route":"/health","status":200,"timestamp":"2026-03-14 19:40:08"}
{"ip":"::1","level":"info","message":"SERVER - Health check request","method":"GET","route":"/health","status":200,"timestamp":"2026-03-14 19:40:11"}
{"ip":"::1","level":"info","message":"SERVER - Health check request","method":"GET","route":"/health","status":200,"timestamp":"2026-03-14 19:40:14"}
{"ip":"::1","level":"info","message":"SERVER - Health check request","method":"GET","route":"/health","status":200,"timestamp":"2026-03-14 19:40:17"}
{"ip":"::1","level":"info","message":"SERVER - Health check request","method":"GET","route":"/health","status":200,"timestamp":"2026-03-14 19:40:20"}
{"ip":"::1","level":"info","message":"SERVER - Health check request","method":"GET","route":"/health","status":200,"timestamp":"2026-03-14 19:40:23"}
{"ip":"::1","level":"info","message":"SERVER - Health check request","method":"GET","route":"/health","status":200,"timestamp":"2026-03-14 19:40:26"}
{"ip":"::1","level":"info","message":"SERVER - Health check request","method":"GET","route":"/health","status":200,"timestamp":"2026-03-14 19:40:29"}
{"ip":"::1","level":"info","message":"SERVER - Health check request","method":"GET","route":"/health","status":200,"timestamp":"2026-03-14 19:40:32"}
{"ip":"::1","level":"info","message":"SERVER - Health check request","method":"GET","route":"/health","status":200,"timestamp":"2026-03-14 19:40:35"}
{"ip":"::1","level":"info","message":"SERVER - Health check request","method":"GET","route":"/health","status":200,"timestamp":"2026-03-14 19:40:38"}
{"ip":"::1","level":"info","message":"SERVER - Health check request","method":"GET","route":"/health","status":200,"timestamp":"2026-03-14 19:40:41"}
{"ip":"::1","level":"info","message":"SERVER - Health check request","method":"GET","route":"/health","status":200,"timestamp":"2026-03-14 19:40:44"}
{"ip":"::1","level":"info","message":"SERVER - Health check request","method":"GET","route":"/health","status":200,"timestamp":"2026-03-14 19:40:47"}
{"ip":"::1","level":"info","message":"SERVER - Health check request","method":"GET","route":"/health","status":200,"timestamp":"2026-03-14 19:40:50"}
{"ip":"::1","level":"info","message":"SERVER - Health check request","method":"GET","route":"/health","status":200,"timestamp":"2026-03-14 19:40:53"}
{"ip":"::1","level":"info","message":"SERVER - Health check request","method":"GET","route":"/health","status":200,"timestamp":"2026-03-14 19:40:56"}
{"ip":"::1","level":"info","message":"SERVER - Health check request","method":"GET","route":"/health","status":200,"timestamp":"2026-03-14 19:40:59"}
{"ip":"::1","level":"info","message":"SERVER - Health check request","method":"GET","route":"/health","status":200,"timestamp":"2026-03-14 19:41:02"}
{"ip":"::1","level":"info","message":"SERVER - Health check request","method":"GET","route":"/health","status":200,"timestamp":"2026-03-14 19:41:05"}
{"ip":"::1","level":"info","message":"SERVER - Health check request","method":"GET","route":"/health","status":200,"timestamp":"2026-03-14 19:41:08"}
{"ip":"::1","level":"info","message":"SERVER - Health check request","method":"GET","route":"/health","status":200,"timestamp":"2026-03-14 19:41:11"}
{"ip":"::1","level":"info","message":"SERVER - Health check request","method":"GET","route":"/health","status":200,"timestamp":"2026-03-14 19:41:13"}
{"ip":"::1","level":"info","message":"SERVER - Health check request","method":"GET","route":"/health","status":200,"timestamp":"2026-03-14 19:42:41"}
{"ip":"::1","level":"info","message":"SERVER - Health check request","method":"GET","route":"/health","status":200,"timestamp":"2026-03-14 19:42:44"}
{"ip":"::1","level":"info","message":"SERVER - Health check request","method":"GET","route":"/health","status":200,"timestamp":"2026-03-14 19:42:48"}
{"ip":"::1","level":"info","message":"SERVER - Health check request","method":"GET","route":"/health","status":200,"timestamp":"2026-03-14 19:42:51"}
{"ip":"::1","level":"info","message":"SERVER - Health check request","method":"GET","route":"/health","status":200,"timestamp":"2026-03-14 19:42:51"}
{"ip":"::1","level":"info","message":"SERVER - Health check request","method":"GET","route":"/health","status":200,"timestamp":"2026-03-14 19:42:54"}
{"ip":"::1","level":"info","message":"SERVER - Health check request","method":"GET","route":"/health","status":200,"timestamp":"2026-03-14 19:42:57"}
{"ip":"::1","level":"info","message":"SERVER - Health check request","method":"GET","route":"/health","status":200,"timestamp":"2026-03-14 19:43:00"}
{"ip":"::1","level":"info","message":"SERVER - Health check request","method":"GET","route":"/health","status":200,"timestamp":"2026-03-14 19:43:03"}
{"ip":"::1","level":"info","message":"SERVER - Health check request","method":"GET","route":"/health","status":200,"timestamp":"2026-03-14 19:43:06"}
{"ip":"::1","level":"info","message":"SERVER - Health check request","method":"GET","route":"/health","status":200,"timestamp":"2026-03-14 19:43:09"}
{"ip":"::1","level":"info","message":"SERVER - Health check request","method":"GET","route":"/health","status":200,"timestamp":"2026-03-14 19:43:12"}
{"ip":"::1","level":"info","message":"SERVER - Health check request","method":"GET","route":"/health","status":200,"timestamp":"2026-03-14 19:43:15"}
{"ip":"::1","level":"info","message":"SERVER - Health check request","method":"GET","route":"/health","status":200,"timestamp":"2026-03-14 19:43:18"}
{"ip":"::1","level":"info","message":"SERVER - Health check request","method":"GET","route":"/health","status":200,"timestamp":"2026-03-14 19:43:21"}
{"ip":"::1","level":"info","message":"SERVER - Health check request","method":"GET","route":"/health","status":200,"timestamp":"2026-03-14 19:43:24"}
{"ip":"::1","level":"info","message":"SERVER - Health check request","method":"GET","route":"/health","status":200,"timestamp":"2026-03-14 19:43:27"}
{"ip":"::1","level":"info","message":"SERVER - Health check request","method":"GET","route":"/health","status":200,"timestamp":"2026-03-14 19:43:30"}
{"ip":"::1","level":"info","message":"SERVER - Health check request","method":"GET","route":"/health","status":200,"timestamp":"2026-03-14 19:43:33"}
{"ip":"::1","level":"info","message":"SERVER - Health check request","method":"GET","route":"/health","status":200,"timestamp":"2026-03-14 19:43:36"}
{"ip":"::1","level":"info","message":"SERVER - Health check request","method":"GET","route":"/health","status":200,"timestamp":"2026-03-14 19:43:39"}
{"ip":"::1","level":"info","message":"SERVER - Health check request","method":"GET","route":"/health","status":200,"timestamp":"2026-03-14 19:43:42"}
{"ip":"::1","level":"info","message":"SERVER - Health check request","method":"GET","route":"/health","status":200,"timestamp":"2026-03-14 19:43:45"}
{"ip":"::1","level":"info","message":"SERVER - Health check request","method":"GET","route":"/health","status":200,"timestamp":"2026-03-14 19:43:48"}
{"ip":"::1","level":"info","message":"SERVER - Health check request","method":"GET","route":"/health","status":200,"timestamp":"2026-03-14 19:43:51"}
{"ip":"::1","level":"info","message":"SERVER - Health check request","method":"GET","route":"/health","status":200,"timestamp":"2026-03-14 19:43:54"}
{"ip":"::1","level":"info","message":"SERVER - Health check request","method":"GET","route":"/health","status":200,"timestamp":"2026-03-14 19:43:57"}
{"ip":"::1","level":"info","message":"SERVER - Health check request","method":"GET","route":"/health","status":200,"timestamp":"2026-03-14 19:44:00"}
{"ip":"::1","level":"info","message":"SERVER - Health check request","method":"GET","route":"/health","status":200,"timestamp":"2026-03-14 19:44:20"}
{"ip":"::1","level":"info","message":"SERVER - Health check request","method":"GET","route":"/health","status":200,"timestamp":"2026-03-14 19:44:22"}
{"level":"info","message":"SERVER -- Server started runnin on port: 4000","timestamp":"2026-03-14 19:44:53"}
{"ip":"::1","level":"info","message":"SERVER - Health check request","method":"GET","route":"/health","status":200,"timestamp":"2026-03-14 19:44:54"}
{"ip":"::1","level":"info","message":"SERVER - Health check request","method":"GET","route":"/health","status":200,"timestamp":"2026-03-14 19:44:56"}
{"ip":"::1","level":"info","message":"SERVER - Health check request","method":"GET","route":"/health","status":200,"timestamp":"2026-03-14 19:44:59"}
{"ip":"::1","level":"info","message":"SERVER - Health check request","method":"GET","route":"/health","status":200,"timestamp":"2026-03-14 19:45:01"}
{"ip":"::1","level":"info","message":"SERVER - Health check request","method":"GET","route":"/health","status":200,"timestamp":"2026-03-14 19:45:04"}
{"level":"info","message":"SERVER -- Server started runnin on port: 4000","timestamp":"2026-03-14 19:45:40"}
{"ip":"::1","level":"info","message":"SERVER - Health check request","method":"GET","route":"/health","status":200,"timestamp":"2026-03-14 19:45:40"}
{"ip":"::ffff:127.0.0.1","level":"info","message":"AUTH LOGIN -- Email trizxd123@gmail.com Login Succesfull","method":"POST","timestamp":"2026-03-14 19:45:47"}
{"level":"info","message":"SERVER -- Server started runnin on port: 4000","timestamp":"2026-03-14 19:55:52"}
{"ip":"::ffff:127.0.0.1","level":"info","message":"SERVER - Health check request","method":"GET","route":"/health","status":200,"timestamp":"2026-03-14 19:55:52"}
{"level":"info","message":"SERVER -- Server started runnin on port: 4000","timestamp":"2026-03-14 20:06:51"}
{"ip":"::1","level":"info","message":"SERVER - Health check request","method":"GET","route":"/health","status":200,"timestamp":"2026-03-14 20:06:51"}
{"level":"info","message":"SERVER -- Server started runnin on port: 4000","timestamp":"2026-03-14 20:07:22"}
{"ip":"::1","level":"info","message":"SERVER - Health check request","method":"GET","route":"/health","status":200,"timestamp":"2026-03-14 20:07:22"}
{"level":"info","message":"SERVER -- Server started runnin on port: 4000","timestamp":"2026-03-14 20:49:14"}
{"ip":"::1","level":"info","message":"SERVER - Health check request","method":"GET","route":"/health","status":200,"timestamp":"2026-03-14 20:49:22"}
{"level":"info","message":"SERVER -- Server started runnin on port: 4000","timestamp":"2026-03-14 20:50:35"}
{"ip":"::1","level":"info","message":"SERVER - Health check request","method":"GET","route":"/health","status":200,"timestamp":"2026-03-14 20:50:35"}
{"level":"info","message":"SERVER -- Server started runnin on port: 4000","timestamp":"2026-03-14 20:51:11"}
{"ip":"::ffff:127.0.0.1","level":"info","message":"SERVER - Health check request","method":"GET","route":"/health","status":200,"timestamp":"2026-03-14 20:51:11"}
{"level":"info","message":"SERVER -- Server started runnin on port: 4000","timestamp":"2026-03-14 20:51:34"}
{"ip":"::ffff:127.0.0.1","level":"info","message":"SERVER - Health check request","method":"GET","route":"/health","status":200,"timestamp":"2026-03-14 20:51:34"}
{"level":"info","message":"SERVER -- Server started runnin on port: 4000","timestamp":"2026-03-14 20:52:44"}
{"ip":"::1","level":"info","message":"SERVER - Health check request","method":"GET","route":"/health","status":200,"timestamp":"2026-03-14 20:52:44"}
{"level":"info","message":"SERVER -- Server started runnin on port: 4000","timestamp":"2026-03-14 20:53:06"}
{"ip":"::ffff:127.0.0.1","level":"info","message":"SERVER - Health check request","method":"GET","route":"/health","status":200,"timestamp":"2026-03-14 20:53:06"}
{"level":"info","message":"SERVER -- Server started runnin on port: 4000","timestamp":"2026-03-15 09:36:52"}
{"ip":"::1","level":"info","message":"SERVER - Health check request","method":"GET","route":"/health","status":200,"timestamp":"2026-03-15 09:37:21"}
{"ip":"::1","level":"info","message":"SERVER - Health check request","method":"GET","route":"/health","status":200,"timestamp":"2026-03-15 09:37:24"}
{"ip":"::1","level":"info","message":"SERVER - Health check request","method":"GET","route":"/health","status":200,"timestamp":"2026-03-15 09:37:27"}
{"ip":"::1","level":"info","message":"SERVER - Health check request","method":"GET","route":"/health","status":200,"timestamp":"2026-03-15 09:37:30"}
{"ip":"::1","level":"info","message":"AUTH LOGIN -- Email trizxd123@gmail.com Login Succesfull","method":"POST","timestamp":"2026-03-15 09:38:05"}
{"level":"info","message":"SERVER -- Server started runnin on port: 4000","timestamp":"2026-03-15 09:56:42"}
{"ip":"::ffff:127.0.0.1","level":"info","message":"SERVER - Health check request","method":"GET","route":"/health","status":200,"timestamp":"2026-03-15 09:56:42"}
{"ip":"::1","level":"error","message":"AUTH LOGIN -- User trizxd123@gmail.com password do not match with status code (400)","method":"POST","timestamp":"2026-03-15 09:56:49"}
{"ip":"::1","level":"error","message":"AUTH LOGIN -- User trizxd123@gmail.com password do not match with status code (400)","method":"POST","timestamp":"2026-03-15 09:56:55"}
{"ip":"::1","level":"error","message":"AUTH LOGIN -- User trizxd123@gmail.com password do not match with status code (400)","method":"POST","timestamp":"2026-03-15 10:11:59"}
{"ip":"::1","level":"error","message":"AUTH LOGIN -- User trizxd123@gmail.com password do not match with status code (400)","method":"POST","timestamp":"2026-03-15 10:16:17"}
{"ip":"::1","level":"error","message":"AUTH LOGIN -- User trizxd123@gmail.com password do not match with status code (400)","method":"POST","timestamp":"2026-03-15 10:16:22"}
{"ip":"::1","level":"error","message":"AUTH LOGIN -- User trizxd123@gmail.com password do not match with status code (400)","method":"POST","timestamp":"2026-03-15 10:16:43"}
{"ip":"::1","level":"error","message":"AUTH LOGIN -- User trizxd123@gmail.com password do not match with status code (400)","method":"POST","timestamp":"2026-03-15 10:17:00"}
{"level":"info","message":"SERVER -- Server started runnin on port: 4000","timestamp":"2026-03-15 10:18:44"}
{"ip":"::1","level":"info","message":"AUTH LOGIN -- Email trizxd123@gmail.com Login Succesfull","method":"POST","timestamp":"2026-03-15 10:18:51"}
{"ip":"::1","level":"error","message":"AUTH LOGIN -- User trizxd123@gmail.com password do not match with status code (400)","method":"POST","timestamp":"2026-03-15 10:18:58"}
{"ip":"::1","level":"info","message":"AUTH REGISTER -- Registered the user asdasdasd@gmail.com: With status code 201","method":"POST","timestamp":"2026-03-15 10:28:04"}
{"ip":"::1","level":"error","message":"AUTH REGISTER -- Attempted to register an existing email: With status code 400 with the email of trizxd123@gmail.com","method":"POST","timestamp":"2026-03-15 10:35:14"}
{"ip":"::1","level":"error","message":"AUTH REGISTER -- Attempted to register an existing email: With status code 400 with the email of trizxd123@gmail.com","method":"POST","timestamp":"2026-03-15 10:39:11"}
{"ip":"::1","level":"error","message":"AUTH REGISTER -- Attempted to register an existing email: With status code 400 with the email of trizxd123@gmail.com","method":"POST","timestamp":"2026-03-15 10:39:34"}
{"level":"info","message":"SERVER -- Server started runnin on port: 4000","timestamp":"2026-03-15 10:40:08"}
{"level":"info","message":"SERVER -- Server started runnin on port: 4000","timestamp":"2026-03-15 10:40:24"}
{"ip":"::1","level":"error","message":"AUTH REGISTER -- Attempted to register an existing email: With status code 400 with the email of trizxd123@gmail.com","method":"POST","timestamp":"2026-03-15 10:40:25"}
{"ip":"::1","level":"error","message":"AUTH REGISTER -- Attempted to register an existing email: With status code 400 with the email of trizxd123@gmail.com","method":"POST","timestamp":"2026-03-15 10:41:42"}
{"ip":"::1","level":"info","message":"AUTH REGISTER -- Registered the user jhervinmungcal101@gmail.com: With status code 201","method":"POST","timestamp":"2026-03-15 10:41:49"}
{"ip":"::1","level":"info","message":"AUTH REGISTER -- Registered the user trizxd123@gmail.com: With status code 201","method":"POST","timestamp":"2026-03-15 10:43:30"}
{"ip":"::1","level":"info","message":"AUTH REGISTER -- Registered the user triztanverzosa.pdm@gmail.com: With status code 201","method":"POST","timestamp":"2026-03-15 10:43:48"}
{"ip":"::1","level":"info","message":"AUTH REGISTER -- Registered the user trizxd123@gmail.com: With status code 201","method":"POST","timestamp":"2026-03-15 10:45:54"}
{"ip":"::1","level":"error","message":"AUTH LOGIN -- User trizxd123@gmail.com password do not match with status code (400)","method":"POST","timestamp":"2026-03-15 10:46:08"}
{"ip":"::1","level":"error","message":"AUTH LOGIN -- User trizxd123@gmail.com password do not match with status code (400)","method":"POST","timestamp":"2026-03-15 10:46:18"}
{"ip":"::1","level":"info","message":"AUTH LOGIN -- Email trizxd123@gmail.com Login Succesfull","method":"POST","timestamp":"2026-03-15 10:46:23"}
{"ip":"::1","level":"info","message":"AUTH LOGIN -- Email trizxd123@gmail.com Login Succesfull","method":"POST","timestamp":"2026-03-15 10:47:07"}
{"level":"info","message":"SERVER -- Server started runnin on port: 4000","timestamp":"2026-03-15 10:51:49"}
{"ip":"::1","level":"info","message":"AUTH LOGIN -- Email trizxd123@gmail.com Login Succesfull","method":"POST","timestamp":"2026-03-15 10:51:56"}
{"ip":"::1","level":"info","message":"AUTH LOGIN -- Email trizxd123@gmail.com Login Succesfull","method":"POST","timestamp":"2026-03-15 10:53:10"}
{"level":"info","message":"SERVER -- Server started runnin on port: 4000","timestamp":"2026-03-15 11:11:34"}
{"level":"info","message":"SERVER -- Server started runnin on port: 4000","timestamp":"2026-03-15 11:11:57"}
{"level":"info","message":"SERVER -- Server started runnin on port: 4000","timestamp":"2026-03-15 11:20:13"}
{"level":"info","message":"SERVER -- Server started runnin on port: 4000","timestamp":"2026-03-15 11:20:37"}
{"level":"info","message":"SERVER -- Server started runnin on port: 4000","timestamp":"2026-03-15 11:20:51"}
{"level":"info","message":"SERVER -- Server started runnin on port: 4000","timestamp":"2026-03-15 11:22:05"}
{"level":"info","message":"SERVER -- Server started runnin on port: 4000","timestamp":"2026-03-15 11:22:16"}
{"level":"info","message":"SERVER -- Server started runnin on port: 4000","timestamp":"2026-03-15 11:22:32"}
{"level":"info","message":"SERVER -- Server started runnin on port: 4000","timestamp":"2026-03-15 11:22:43"}
{"ip":"::1","level":"info","message":"SERVER - Health check request","method":"GET","route":"/health","status":200,"timestamp":"2026-03-15 11:22:54"}
{"level":"info","message":"SERVER -- Server started runnin on port: 4000","timestamp":"2026-03-15 11:23:02"}
{"level":"info","message":"SERVER -- Server started runnin on port: 4000","timestamp":"2026-03-15 11:23:11"}
{"level":"info","message":"SERVER -- Server started runnin on port: 4000","timestamp":"2026-03-15 11:23:16"}
